
[2023-01-19T16:28:28.104] [WARN] warnArchive - Estado: 404, Ruta consultada: /api/productos, Metodo GET
[2023-01-19T16:28:33.458] [WARN] warnArchive - Estado: 404, Ruta consultada: /prueba, Metodo GET
[2023-01-19T16:28:44.380] [WARN] warnArchive - Estado: 404, Ruta consultada: /api/productos, Metodo GET
[2023-01-19T16:28:51.420] [WARN] warnArchive - Estado: 404, Ruta consultada: /prueba, Metodo GET
[2023-01-19T16:36:18.292] [WARN] warnArchive - Estado: 404, Ruta consultada: /prueba, Metodo GET
[2023-01-19T16:36:22.908] [WARN] warnArchive - Estado: 404, Ruta consultada: /api/productos, Metodo GET
[2023-01-19T16:36:29.767] [WARN] warnArchive - Estado: 404, Ruta consultada: /api/productos, Metodo GET
[2023-01-19T16:39:06.888] [WARN] warnArchive - Estado: 404, Ruta consultada: /api/productos, Metodo GET
[2023-01-19T16:39:09.464] [WARN] warnArchive - Estado: 404, Ruta consultada: /prueba, Metodo GET
[2023-01-19T16:39:48.005] [WARN] warnArchive - Estado: 404, Ruta consultada: /prueba, Metodo GET
[2023-01-19T16:40:13.296] [WARN] warnArchive - Estado: 404, Ruta consultada: /api/productos, Metodo GET
[2023-01-19T16:40:59.673] [WARN] warnArchive - Estado: 404, Ruta consultada: /productos, Metodo GET
[2023-01-19T16:41:08.512] [WARN] warnArchive - Estado: 404, Ruta consultada: /api/productos, Metodo GET
[2023-01-19T16:47:16.296] [WARN] warnArchive - Estado: 404, Ruta consultada: /api/productos, Metodo GET
[2023-01-19T16:47:20.175] [WARN] warnArchive - Estado: 404, Ruta consultada: /prueba, Metodo GET
[2023-01-19T16:47:22.998] [WARN] warnArchive - Estado: 404, Ruta consultada: /api/productos, Metodo GET
[2023-01-19T16:48:05.829] [WARN] warnArchive - Estado: 404, Ruta consultada: /favicon.ico, Metodo GET
[2023-01-19T16:48:17.052] [WARN] warnArchive - Estado: 404, Ruta consultada: /api/productos, Metodo GET
[2023-01-19T16:50:07.078] [WARN] warnArchive - Estado: 404, Ruta consultada: /api/productos, Metodo GET
[2023-01-19T16:50:11.607] [WARN] warnArchive - Estado: 404, Ruta consultada: /api/productos, Metodo GET
[2023-01-19T16:50:37.062] [WARN] warnArchive - Estado: 404, Ruta consultada: /api/productos, Metodo GET
[2023-01-19T16:51:17.422] [WARN] warnArchive - Estado: 404, Ruta consultada: /api/productos, Metodo GET
[2023-01-19T16:51:23.630] [WARN] warnArchive - Estado: 404, Ruta consultada: /api/productos, Metodo GET
[2023-01-19T16:53:42.997] [WARN] warnArchive - Estado: 404, Ruta consultada: /api/productos, Metodo GET
[2023-01-19T16:59:06.210] [WARN] warnArchive - Estado: 404, Ruta consultada: /api/carrito/addProduct, Metodo POST
[2023-01-19T17:34:04.845] [WARN] warnArchive - Estado: 404, Ruta consultada: /profile, Metodo GET
[2023-01-19T17:34:30.937] [WARN] warnArchive - Estado: 404, Ruta consultada: /profile, Metodo GET
[2023-01-19T17:41:28.575] [WARN] warnArchive - Estado: 404, Ruta consultada: /profile, Metodo GET
[2023-01-19T18:35:51.335] [WARN] warnArchive - Estado: 404, Ruta consultada: /profile, Metodo GET
[2023-01-19T18:43:16.818] [WARN] warnArchive - Estado: 404, Ruta consultada: /profile, Metodo GET
[2023-01-19T18:44:14.526] [WARN] warnArchive - Estado: 404, Ruta consultada: /productos, Metodo GET
[2023-01-19T18:44:19.996] [WARN] warnArchive - Estado: 404, Ruta consultada: /productos, Metodo GET
[2023-01-19T18:44:25.772] [WARN] warnArchive - Estado: 404, Ruta consultada: /productos, Metodo GET
[2023-01-19T18:44:43.553] [WARN] warnArchive - Estado: 404, Ruta consultada: /productos, Metodo GET
[2023-01-19T18:44:55.698] [WARN] warnArchive - Estado: 404, Ruta consultada: /productos, Metodo GET
[2023-01-19T18:45:01.510] [WARN] warnArchive - Estado: 404, Ruta consultada: /api/carrito, Metodo GET
[2023-01-19T18:45:03.923] [WARN] warnArchive - Estado: 404, Ruta consultada: /profile, Metodo GET
[2023-01-19T18:46:07.110] [WARN] warnArchive - Estado: 404, Ruta consultada: /productos, Metodo GET
[2023-01-19T18:46:31.749] [WARN] warnArchive - Estado: 404, Ruta consultada: /formProductos.js, Metodo GET
[2023-01-19T18:46:37.745] [WARN] warnArchive - Estado: 404, Ruta consultada: /avatar/1672625908293-hermione.png, Metodo GET
[2023-01-19T18:46:45.983] [WARN] warnArchive - Estado: 404, Ruta consultada: /api/carrito, Metodo GET
[2023-01-19T18:47:02.173] [WARN] warnArchive - Estado: 404, Ruta consultada: /chat.css, Metodo GET
[2023-01-19T18:47:02.197] [WARN] warnArchive - Estado: 404, Ruta consultada: /chat.js, Metodo GET
[2023-01-19T18:48:11.238] [WARN] warnArchive - Estado: 404, Ruta consultada: /chat.css, Metodo GET
[2023-01-19T18:48:11.298] [WARN] warnArchive - Estado: 404, Ruta consultada: /chat.js, Metodo GET
[2023-01-19T18:48:21.511] [WARN] warnArchive - Estado: 404, Ruta consultada: /chat.css, Metodo GET
[2023-01-19T18:48:21.545] [WARN] warnArchive - Estado: 404, Ruta consultada: /chat.js, Metodo GET
[2023-01-19T18:48:25.032] [WARN] warnArchive - Estado: 404, Ruta consultada: /avatar/1672625908293-hermione.png, Metodo GET
[2023-01-19T18:50:11.377] [WARN] warnArchive - Estado: 404, Ruta consultada: /formProductos.js, Metodo GET
[2023-01-19T18:50:25.398] [WARN] warnArchive - Estado: 404, Ruta consultada: /chat.css, Metodo GET
[2023-01-19T18:50:25.401] [WARN] warnArchive - Estado: 404, Ruta consultada: /chat.js, Metodo GET
[2023-01-19T18:58:13.967] [WARN] warnArchive - Estado: 404, Ruta consultada: /profile, Metodo GET
[2023-01-19T19:34:10.944] [WARN] warnArchive - Estado: 404, Ruta consultada: /profile, Metodo GET
[2023-01-19T19:37:52.389] [WARN] warnArchive - Estado: 404, Ruta consultada: /avatar/1672625908293-hermione.png, Metodo GET
[2023-01-19T19:37:57.291] [WARN] warnArchive - Estado: 404, Ruta consultada: /formProductos.js, Metodo GET
[2023-01-19T19:37:59.620] [WARN] warnArchive - Estado: 404, Ruta consultada: /avatar/1672625908293-hermione.png, Metodo GET
[2023-01-19T19:38:02.544] [WARN] warnArchive - Estado: 404, Ruta consultada: /api/carrito, Metodo GET
[2023-01-19T19:38:05.155] [WARN] warnArchive - Estado: 404, Ruta consultada: /avatar/1672625908293-hermione.png, Metodo GET
[2023-01-19T19:38:07.673] [WARN] warnArchive - Estado: 404, Ruta consultada: /formProductos.js, Metodo GET
[2023-01-19T19:38:14.134] [WARN] warnArchive - Estado: 404, Ruta consultada: /formProductos.js, Metodo GET
[2023-01-19T19:38:49.690] [WARN] warnArchive - Estado: 404, Ruta consultada: /formProductos.js, Metodo GET
[2023-01-19T19:39:03.525] [WARN] warnArchive - Estado: 404, Ruta consultada: /formProductos.js, Metodo GET
[2023-01-19T19:39:16.819] [WARN] warnArchive - Estado: 404, Ruta consultada: /formProductos.js, Metodo GET
[2023-01-19T19:39:23.978] [WARN] warnArchive - Estado: 404, Ruta consultada: /formProductos.js, Metodo GET
[2023-01-19T19:39:40.982] [WARN] warnArchive - Estado: 404, Ruta consultada: /formProductos.js, Metodo GET
[2023-01-19T19:39:53.943] [WARN] warnArchive - Estado: 404, Ruta consultada: /avatar/1672625908293-hermione.png, Metodo GET
[2023-01-19T19:39:56.589] [WARN] warnArchive - Estado: 404, Ruta consultada: /formProductos.js, Metodo GET
[2023-01-19T19:40:04.280] [WARN] warnArchive - Estado: 404, Ruta consultada: /formProductos.js, Metodo GET
[2023-01-19T19:40:15.999] [WARN] warnArchive - Estado: 404, Ruta consultada: /chat.css, Metodo GET
[2023-01-19T19:40:16.009] [WARN] warnArchive - Estado: 404, Ruta consultada: /chat.js, Metodo GET
[2023-01-19T19:40:59.114] [WARN] warnArchive - Estado: 404, Ruta consultada: /formProductos.js, Metodo GET
[2023-01-19T19:41:12.799] [WARN] warnArchive - Estado: 404, Ruta consultada: /chat.css, Metodo GET
[2023-01-19T19:41:12.850] [WARN] warnArchive - Estado: 404, Ruta consultada: /chat.js, Metodo GET
[2023-01-19T19:42:52.841] [WARN] warnArchive - Estado: 404, Ruta consultada: /favicon.ico, Metodo GET
[2023-01-19T19:51:14.638] [WARN] warnArchive - Estado: 404, Ruta consultada: /profile, Metodo GET
[2023-01-19T23:49:17.096] [WARN] warnArchive - Estado: 404, Ruta consultada: /favicon.ico, Metodo GET
[2023-01-19T23:50:01.038] [WARN] warnArchive - Estado: 404, Ruta consultada: /profile, Metodo GET
[2023-01-19T23:51:25.238] [WARN] warnArchive - Estado: 404, Ruta consultada: /avatar/, Metodo GET
[2023-01-19T23:51:54.879] [WARN] warnArchive - Estado: 404, Ruta consultada: /avatar/, Metodo GET
[2023-01-19T23:55:33.049] [WARN] warnArchive - Estado: 404, Ruta consultada: /avatar/, Metodo GET
[2023-01-19T23:55:39.899] [WARN] warnArchive - Estado: 404, Ruta consultada: /avatar/, Metodo GET
[2023-01-19T23:56:40.914] [WARN] warnArchive - Estado: 404, Ruta consultada: /avatar/, Metodo GET
[2023-01-19T23:57:32.704] [WARN] warnArchive - Estado: 404, Ruta consultada: /avatar/, Metodo GET
[2023-01-20T00:12:52.362] [WARN] warnArchive - Estado: 404, Ruta consultada: /avatar/, Metodo GET
[2023-01-20T00:30:43.694] [WARN] warnArchive - Estado: 404, Ruta consultada: /avatar/, Metodo GET
[2023-01-20T00:35:08.993] [WARN] warnArchive - Estado: 404, Ruta consultada: /avatar/, Metodo GET
[2023-01-20T00:53:53.970] [WARN] warnArchive - Estado: 404, Ruta consultada: /avatar/, Metodo GET
[2023-01-20T01:00:58.519] [WARN] warnArchive - Estado: 404, Ruta consultada: /avatar/, Metodo GET
[2023-01-20T01:08:39.617] [WARN] warnArchive - Estado: 404, Ruta consultada: /avatar/, Metodo GET
[2023-01-20T10:14:56.347] [WARN] warnArchive - Estado: 404, Ruta consultada: /favicon.ico, Metodo GET
[2023-01-20T10:30:43.948] [WARN] warnArchive - Estado: 404, Ruta consultada: /avatar/, Metodo GET
[2023-01-20T10:44:39.303] [WARN] warnArchive - Estado: 404, Ruta consultada: /chat.css, Metodo GET
[2023-01-20T10:44:48.491] [WARN] warnArchive - Estado: 404, Ruta consultada: /avatar/, Metodo GET
[2023-01-20T10:49:21.804] [WARN] warnArchive - Estado: 404, Ruta consultada: /avatar/, Metodo GET
[2023-01-20T10:49:31.251] [WARN] warnArchive - Estado: 404, Ruta consultada: /avatar/, Metodo GET
[2023-01-20T17:30:37.221] [WARN] warnArchive - Estado: 404, Ruta consultada: /avatar/, Metodo GET
[2023-01-20T17:51:00.274] [WARN] warnArchive - Estado: 404, Ruta consultada: /chat.css, Metodo GET
[2023-01-20T17:51:07.156] [WARN] warnArchive - Estado: 404, Ruta consultada: /avatar/, Metodo GET
[2023-01-20T18:13:13.439] [WARN] warnArchive - Estado: 404, Ruta consultada: /chat.css, Metodo GET
[2023-01-20T18:18:37.798] [WARN] warnArchive - Estado: 404, Ruta consultada: /favicon.ico, Metodo GET
[2023-01-20T18:21:01.311] [WARN] warnArchive - Estado: 404, Ruta consultada: /chat.css, Metodo GET
[2023-01-20T18:21:08.341] [WARN] warnArchive - Estado: 404, Ruta consultada: /avatar/, Metodo GET
[2023-01-20T19:00:42.858] [WARN] warnArchive - Estado: 404, Ruta consultada: /favicon.ico, Metodo GET
[2023-01-20T19:38:56.694] [WARN] warnArchive - Estado: 404, Ruta consultada: /chat.css, Metodo GET
[2023-01-20T19:45:21.756] [WARN] warnArchive - Estado: 404, Ruta consultada: /favicon.ico, Metodo GET
[2023-01-20T19:49:34.162] [WARN] warnArchive - Estado: 404, Ruta consultada: /favicon.ico, Metodo GET
[2023-01-20T19:56:25.117] [WARN] warnArchive - Estado: 404, Ruta consultada: /avatar/, Metodo GET
[2023-01-20T19:56:27.678] [WARN] warnArchive - Estado: 404, Ruta consultada: /avatar/, Metodo GET
[2023-01-20T20:00:22.402] [WARN] warnArchive - Estado: 404, Ruta consultada: /favicon.ico, Metodo GET
[2023-01-20T20:04:01.665] [WARN] warnArchive - Estado: 404, Ruta consultada: /chat.css, Metodo GET
[2023-01-20T20:22:26.458] [WARN] warnArchive - Estado: 404, Ruta consultada: /avatar/, Metodo GET
[2023-01-20T20:38:08.082] [WARN] warnArchive - Estado: 404, Ruta consultada: /chat.css, Metodo GET
[2023-01-20T21:11:25.906] [WARN] warnArchive - Estado: 404, Ruta consultada: /avatar/, Metodo GET
[2023-01-20T22:03:37.309] [WARN] warnArchive - Estado: 404, Ruta consultada: /avatar/, Metodo GET
[2023-01-20T22:17:53.921] [WARN] warnArchive - Estado: 404, Ruta consultada: /avatar/, Metodo GET
[2023-01-20T22:26:00.099] [WARN] warnArchive - Estado: 404, Ruta consultada: /avatar/, Metodo GET
[2023-01-22T19:16:27.888] [WARN] warnArchive - Estado: 404, Ruta consultada: /favicon.ico, Metodo GET
